{"D:\\Namizje\\bookstore\\client\\src\\App.tsx": {"path":"D:\\Namizje\\bookstore\\client\\src\\App.tsx","statementMap":{"0":{"start":{"line":11,"column":20},"end":{"line":11,"column":null}},"1":{"start":{"line":13,"column":12},"end":{"line":53,"column":null}},"2":{"start":{"line":14,"column":31},"end":{"line":14,"column":null}},"3":{"start":{"line":15,"column":33},"end":{"line":15,"column":null}},"4":{"start":{"line":18,"column":2},"end":{"line":22,"column":null}},"5":{"start":{"line":19,"column":18},"end":{"line":19,"column":null}},"6":{"start":{"line":20,"column":4},"end":{"line":20,"column":null}},"7":{"start":{"line":20,"column":15},"end":{"line":20,"column":null}},"8":{"start":{"line":21,"column":4},"end":{"line":21,"column":null}},"9":{"start":{"line":24,"column":23},"end":{"line":27,"column":null}},"10":{"start":{"line":25,"column":4},"end":{"line":25,"column":null}},"11":{"start":{"line":26,"column":4},"end":{"line":26,"column":null}},"12":{"start":{"line":29,"column":2},"end":{"line":31,"column":null}},"13":{"start":{"line":41,"column":66},"end":{"line":41,"column":null}}},"fnMap":{"0":{"name":"(anonymous_0)","decl":{"start":{"line":13,"column":12},"end":{"line":13,"column":null}},"loc":{"start":{"line":13,"column":12},"end":{"line":53,"column":null}},"line":13},"1":{"name":"(anonymous_1)","decl":{"start":{"line":18,"column":12},"end":{"line":18,"column":null}},"loc":{"start":{"line":18,"column":12},"end":{"line":22,"column":5}},"line":18},"2":{"name":"(anonymous_2)","decl":{"start":{"line":24,"column":23},"end":{"line":24,"column":null}},"loc":{"start":{"line":24,"column":23},"end":{"line":27,"column":null}},"line":24},"3":{"name":"(anonymous_3)","decl":{"start":{"line":41,"column":60},"end":{"line":41,"column":66}},"loc":{"start":{"line":41,"column":66},"end":{"line":41,"column":null}},"line":41}},"branchMap":{"0":{"loc":{"start":{"line":20,"column":4},"end":{"line":20,"column":null}},"type":"if","locations":[{"start":{"line":20,"column":4},"end":{"line":20,"column":null}},{"start":{},"end":{}}],"line":20},"1":{"loc":{"start":{"line":29,"column":2},"end":{"line":31,"column":null}},"type":"if","locations":[{"start":{"line":29,"column":2},"end":{"line":31,"column":null}},{"start":{},"end":{}}],"line":29}},"s":{"0":1,"1":1,"2":9,"3":9,"4":9,"5":4,"6":4,"7":2,"8":4,"9":9,"10":1,"11":1,"12":9,"13":0},"f":{"0":9,"1":4,"2":1,"3":0},"b":{"0":[2,2],"1":[4,5]},"meta":{"lastBranch":2,"lastFunction":4,"lastStatement":14,"seen":{"s:11:20:11:Infinity":0,"s:13:12:53:Infinity":1,"f:13:12:13:Infinity":0,"s:14:31:14:Infinity":2,"s:15:33:15:Infinity":3,"s:18:2:22:Infinity":4,"f:18:12:18:Infinity":1,"s:19:18:19:Infinity":5,"b:20:4:20:Infinity:undefined:undefined:undefined:undefined":0,"s:20:4:20:Infinity":6,"s:20:15:20:Infinity":7,"s:21:4:21:Infinity":8,"s:24:23:27:Infinity":9,"f:24:23:24:Infinity":2,"s:25:4:25:Infinity":10,"s:26:4:26:Infinity":11,"b:29:2:31:Infinity:undefined:undefined:undefined:undefined":1,"s:29:2:31:Infinity":12,"f:41:60:41:66":3,"s:41:66:41:Infinity":13}}}
,"D:\\Namizje\\bookstore\\client\\src\\axios.ts": {"path":"D:\\Namizje\\bookstore\\client\\src\\axios.ts","statementMap":{"0":{"start":{"line":4,"column":15},"end":{"line":4,"column":null}},"1":{"start":{"line":6,"column":16},"end":{"line":9,"column":null}},"2":{"start":{"line":11,"column":0},"end":{"line":11,"column":null}},"3":{"start":{"line":14,"column":0},"end":{"line":23,"column":null}},"4":{"start":{"line":15,"column":18},"end":{"line":15,"column":null}},"5":{"start":{"line":16,"column":4},"end":{"line":21,"column":null}},"6":{"start":{"line":17,"column":8},"end":{"line":20,"column":null}},"7":{"start":{"line":22,"column":4},"end":{"line":22,"column":null}},"8":{"start":{"line":26,"column":0},"end":{"line":35,"column":null}},"9":{"start":{"line":27,"column":17},"end":{"line":27,"column":null}},"10":{"start":{"line":29,"column":8},"end":{"line":33,"column":null}},"11":{"start":{"line":30,"column":12},"end":{"line":30,"column":null}},"12":{"start":{"line":32,"column":12},"end":{"line":32,"column":null}},"13":{"start":{"line":34,"column":8},"end":{"line":34,"column":null}}},"fnMap":{"0":{"name":"(anonymous_0)","decl":{"start":{"line":14,"column":29},"end":{"line":14,"column":30}},"loc":{"start":{"line":14,"column":30},"end":{"line":23,"column":null}},"line":14},"1":{"name":"(anonymous_1)","decl":{"start":{"line":27,"column":4},"end":{"line":27,"column":5}},"loc":{"start":{"line":27,"column":17},"end":{"line":27,"column":null}},"line":27},"2":{"name":"(anonymous_2)","decl":{"start":{"line":28,"column":4},"end":{"line":28,"column":5}},"loc":{"start":{"line":28,"column":5},"end":{"line":35,"column":null}},"line":28}},"branchMap":{"0":{"loc":{"start":{"line":4,"column":15},"end":{"line":4,"column":null}},"type":"binary-expr","locations":[{"start":{"line":4,"column":15},"end":{"line":4,"column":43}},{"start":{"line":4,"column":47},"end":{"line":4,"column":null}}],"line":4},"1":{"loc":{"start":{"line":16,"column":4},"end":{"line":21,"column":null}},"type":"if","locations":[{"start":{"line":16,"column":4},"end":{"line":21,"column":null}},{"start":{},"end":{}}],"line":16},"2":{"loc":{"start":{"line":29,"column":8},"end":{"line":33,"column":null}},"type":"if","locations":[{"start":{"line":29,"column":8},"end":{"line":33,"column":null}},{"start":{},"end":{}}],"line":29}},"s":{"0":1,"1":1,"2":1,"3":1,"4":0,"5":0,"6":0,"7":0,"8":1,"9":0,"10":0,"11":0,"12":0,"13":0},"f":{"0":0,"1":0,"2":0},"b":{"0":[1,0],"1":[0,0],"2":[0,0]},"meta":{"lastBranch":3,"lastFunction":3,"lastStatement":14,"seen":{"s:4:15:4:Infinity":0,"b:4:15:4:43:4:47:4:Infinity":0,"s:6:16:9:Infinity":1,"s:11:0:11:Infinity":2,"s:14:0:23:Infinity":3,"f:14:29:14:30":0,"s:15:18:15:Infinity":4,"b:16:4:21:Infinity:undefined:undefined:undefined:undefined":1,"s:16:4:21:Infinity":5,"s:17:8:20:Infinity":6,"s:22:4:22:Infinity":7,"s:26:0:35:Infinity":8,"f:27:4:27:5":1,"s:27:17:27:Infinity":9,"f:28:4:28:5":2,"b:29:8:33:Infinity:undefined:undefined:undefined:undefined":2,"s:29:8:33:Infinity":10,"s:30:12:30:Infinity":11,"s:32:12:32:Infinity":12,"s:34:8:34:Infinity":13}}}
,"D:\\Namizje\\bookstore\\client\\src\\components\\auth\\AuthForm.tsx": {"path":"D:\\Namizje\\bookstore\\client\\src\\components\\auth\\AuthForm.tsx","statementMap":{"0":{"start":{"line":15,"column":17},"end":{"line":144,"column":null}},"1":{"start":{"line":16,"column":25},"end":{"line":21,"column":null}},"2":{"start":{"line":22,"column":31},"end":{"line":22,"column":null}},"3":{"start":{"line":23,"column":39},"end":{"line":23,"column":null}},"4":{"start":{"line":24,"column":31},"end":{"line":24,"column":null}},"5":{"start":{"line":26,"column":25},"end":{"line":27,"column":null}},"6":{"start":{"line":27,"column":8},"end":{"line":27,"column":null}},"7":{"start":{"line":29,"column":25},"end":{"line":93,"column":null}},"8":{"start":{"line":30,"column":8},"end":{"line":30,"column":null}},"9":{"start":{"line":31,"column":8},"end":{"line":31,"column":null}},"10":{"start":{"line":32,"column":8},"end":{"line":32,"column":null}},"11":{"start":{"line":34,"column":8},"end":{"line":92,"column":null}},"12":{"start":{"line":35,"column":12},"end":{"line":85,"column":null}},"13":{"start":{"line":37,"column":16},"end":{"line":42,"column":null}},"14":{"start":{"line":38,"column":20},"end":{"line":38,"column":null}},"15":{"start":{"line":39,"column":20},"end":{"line":39,"column":null}},"16":{"start":{"line":40,"column":20},"end":{"line":40,"column":null}},"17":{"start":{"line":41,"column":20},"end":{"line":41,"column":null}},"18":{"start":{"line":44,"column":28},"end":{"line":47,"column":null}},"19":{"start":{"line":49,"column":16},"end":{"line":54,"column":null}},"20":{"start":{"line":50,"column":20},"end":{"line":50,"column":null}},"21":{"start":{"line":51,"column":20},"end":{"line":51,"column":null}},"22":{"start":{"line":52,"column":20},"end":{"line":52,"column":null}},"23":{"start":{"line":53,"column":20},"end":{"line":53,"column":null}},"24":{"start":{"line":57,"column":16},"end":{"line":62,"column":null}},"25":{"start":{"line":58,"column":20},"end":{"line":58,"column":null}},"26":{"start":{"line":59,"column":20},"end":{"line":59,"column":null}},"27":{"start":{"line":60,"column":20},"end":{"line":60,"column":null}},"28":{"start":{"line":61,"column":20},"end":{"line":61,"column":null}},"29":{"start":{"line":64,"column":16},"end":{"line":69,"column":null}},"30":{"start":{"line":65,"column":20},"end":{"line":65,"column":null}},"31":{"start":{"line":66,"column":20},"end":{"line":66,"column":null}},"32":{"start":{"line":67,"column":20},"end":{"line":67,"column":null}},"33":{"start":{"line":68,"column":20},"end":{"line":68,"column":null}},"34":{"start":{"line":71,"column":28},"end":{"line":76,"column":null}},"35":{"start":{"line":78,"column":16},"end":{"line":78,"column":null}},"36":{"start":{"line":79,"column":16},"end":{"line":79,"column":null}},"37":{"start":{"line":80,"column":16},"end":{"line":80,"column":null}},"38":{"start":{"line":81,"column":16},"end":{"line":84,"column":null}},"39":{"start":{"line":82,"column":20},"end":{"line":82,"column":null}},"40":{"start":{"line":83,"column":20},"end":{"line":83,"column":null}},"41":{"start":{"line":87,"column":12},"end":{"line":87,"column":null}},"42":{"start":{"line":88,"column":12},"end":{"line":88,"column":null}},"43":{"start":{"line":89,"column":12},"end":{"line":89,"column":null}},"44":{"start":{"line":91,"column":12},"end":{"line":91,"column":null}}},"fnMap":{"0":{"name":"(anonymous_0)","decl":{"start":{"line":15,"column":17},"end":{"line":15,"column":18}},"loc":{"start":{"line":15,"column":78},"end":{"line":144,"column":null}},"line":15},"1":{"name":"(anonymous_1)","decl":{"start":{"line":26,"column":25},"end":{"line":26,"column":26}},"loc":{"start":{"line":27,"column":8},"end":{"line":27,"column":null}},"line":27},"2":{"name":"(anonymous_2)","decl":{"start":{"line":29,"column":25},"end":{"line":29,"column":32}},"loc":{"start":{"line":29,"column":32},"end":{"line":93,"column":null}},"line":29},"3":{"name":"(anonymous_3)","decl":{"start":{"line":81,"column":27},"end":{"line":81,"column":null}},"loc":{"start":{"line":81,"column":27},"end":{"line":84,"column":19}},"line":81}},"branchMap":{"0":{"loc":{"start":{"line":35,"column":12},"end":{"line":85,"column":null}},"type":"if","locations":[{"start":{"line":35,"column":12},"end":{"line":85,"column":null}},{"start":{"line":55,"column":19},"end":{"line":85,"column":null}}],"line":35},"1":{"loc":{"start":{"line":37,"column":16},"end":{"line":42,"column":null}},"type":"if","locations":[{"start":{"line":37,"column":16},"end":{"line":42,"column":null}},{"start":{},"end":{}}],"line":37},"2":{"loc":{"start":{"line":37,"column":20},"end":{"line":37,"column":68}},"type":"binary-expr","locations":[{"start":{"line":37,"column":20},"end":{"line":37,"column":45}},{"start":{"line":37,"column":45},"end":{"line":37,"column":68}}],"line":37},"3":{"loc":{"start":{"line":49,"column":16},"end":{"line":54,"column":null}},"type":"if","locations":[{"start":{"line":49,"column":16},"end":{"line":54,"column":null}},{"start":{},"end":{}}],"line":49},"4":{"loc":{"start":{"line":57,"column":16},"end":{"line":62,"column":null}},"type":"if","locations":[{"start":{"line":57,"column":16},"end":{"line":62,"column":null}},{"start":{},"end":{}}],"line":57},"5":{"loc":{"start":{"line":57,"column":20},"end":{"line":57,"column":113}},"type":"binary-expr","locations":[{"start":{"line":57,"column":20},"end":{"line":57,"column":41}},{"start":{"line":57,"column":41},"end":{"line":57,"column":65}},{"start":{"line":57,"column":65},"end":{"line":57,"column":90}},{"start":{"line":57,"column":90},"end":{"line":57,"column":113}}],"line":57},"6":{"loc":{"start":{"line":64,"column":16},"end":{"line":69,"column":null}},"type":"if","locations":[{"start":{"line":64,"column":16},"end":{"line":69,"column":null}},{"start":{},"end":{}}],"line":64},"7":{"loc":{"start":{"line":79,"column":27},"end":{"line":79,"column":null}},"type":"binary-expr","locations":[{"start":{"line":79,"column":27},"end":{"line":79,"column":43}},{"start":{"line":79,"column":47},"end":{"line":79,"column":null}}],"line":79},"8":{"loc":{"start":{"line":88,"column":23},"end":{"line":88,"column":null}},"type":"binary-expr","locations":[{"start":{"line":88,"column":23},"end":{"line":88,"column":52}},{"start":{"line":88,"column":52},"end":{"line":88,"column":null}}],"line":88},"9":{"loc":{"start":{"line":99,"column":21},"end":{"line":99,"column":null}},"type":"cond-expr","locations":[{"start":{"line":99,"column":31},"end":{"line":99,"column":48}},{"start":{"line":99,"column":48},"end":{"line":99,"column":null}}],"line":99},"10":{"loc":{"start":{"line":129,"column":28},"end":{"line":131,"column":null}},"type":"cond-expr","locations":[{"start":{"line":130,"column":34},"end":{"line":130,"column":null}},{"start":{"line":131,"column":34},"end":{"line":131,"column":null}}],"line":129},"11":{"loc":{"start":{"line":138,"column":25},"end":{"line":138,"column":null}},"type":"cond-expr","locations":[{"start":{"line":138,"column":36},"end":{"line":138,"column":84}},{"start":{"line":138,"column":84},"end":{"line":138,"column":null}}],"line":138},"12":{"loc":{"start":{"line":138,"column":36},"end":{"line":138,"column":84}},"type":"cond-expr","locations":[{"start":{"line":138,"column":46},"end":{"line":138,"column":64}},{"start":{"line":138,"column":64},"end":{"line":138,"column":84}}],"line":138},"13":{"loc":{"start":{"line":138,"column":84},"end":{"line":138,"column":null}},"type":"cond-expr","locations":[{"start":{"line":138,"column":94},"end":{"line":138,"column":104}},{"start":{"line":138,"column":104},"end":{"line":138,"column":null}}],"line":138}},"s":{"0":1,"1":7,"2":7,"3":7,"4":7,"5":7,"6":0,"7":7,"8":0,"9":0,"10":0,"11":0,"12":0,"13":0,"14":0,"15":0,"16":0,"17":0,"18":0,"19":0,"20":0,"21":0,"22":0,"23":0,"24":0,"25":0,"26":0,"27":0,"28":0,"29":0,"30":0,"31":0,"32":0,"33":0,"34":0,"35":0,"36":0,"37":0,"38":0,"39":0,"40":0,"41":0,"42":0,"43":0,"44":0},"f":{"0":7,"1":0,"2":0,"3":0},"b":{"0":[0,0],"1":[0,0],"2":[0,0],"3":[0,0],"4":[0,0],"5":[0,0,0,0],"6":[0,0],"7":[0,0],"8":[0,0],"9":[6,1],"10":[0,0],"11":[0,7],"12":[0,0],"13":[6,1]},"meta":{"lastBranch":14,"lastFunction":4,"lastStatement":45,"seen":{"s:15:17:144:Infinity":0,"f:15:17:15:18":0,"s:16:25:21:Infinity":1,"s:22:31:22:Infinity":2,"s:23:39:23:Infinity":3,"s:24:31:24:Infinity":4,"s:26:25:27:Infinity":5,"f:26:25:26:26":1,"s:27:8:27:Infinity":6,"s:29:25:93:Infinity":7,"f:29:25:29:32":2,"s:30:8:30:Infinity":8,"s:31:8:31:Infinity":9,"s:32:8:32:Infinity":10,"s:34:8:92:Infinity":11,"b:35:12:85:Infinity:55:19:85:Infinity":0,"s:35:12:85:Infinity":12,"b:37:16:42:Infinity:undefined:undefined:undefined:undefined":1,"s:37:16:42:Infinity":13,"b:37:20:37:45:37:45:37:68":2,"s:38:20:38:Infinity":14,"s:39:20:39:Infinity":15,"s:40:20:40:Infinity":16,"s:41:20:41:Infinity":17,"s:44:28:47:Infinity":18,"b:49:16:54:Infinity:undefined:undefined:undefined:undefined":3,"s:49:16:54:Infinity":19,"s:50:20:50:Infinity":20,"s:51:20:51:Infinity":21,"s:52:20:52:Infinity":22,"s:53:20:53:Infinity":23,"b:57:16:62:Infinity:undefined:undefined:undefined:undefined":4,"s:57:16:62:Infinity":24,"b:57:20:57:41:57:41:57:65:57:65:57:90:57:90:57:113":5,"s:58:20:58:Infinity":25,"s:59:20:59:Infinity":26,"s:60:20:60:Infinity":27,"s:61:20:61:Infinity":28,"b:64:16:69:Infinity:undefined:undefined:undefined:undefined":6,"s:64:16:69:Infinity":29,"s:65:20:65:Infinity":30,"s:66:20:66:Infinity":31,"s:67:20:67:Infinity":32,"s:68:20:68:Infinity":33,"s:71:28:76:Infinity":34,"s:78:16:78:Infinity":35,"s:79:16:79:Infinity":36,"b:79:27:79:43:79:47:79:Infinity":7,"s:80:16:80:Infinity":37,"s:81:16:84:Infinity":38,"f:81:27:81:Infinity":3,"s:82:20:82:Infinity":39,"s:83:20:83:Infinity":40,"s:87:12:87:Infinity":41,"s:88:12:88:Infinity":42,"b:88:23:88:52:88:52:88:Infinity":8,"s:89:12:89:Infinity":43,"s:91:12:91:Infinity":44,"b:99:31:99:48:99:48:99:Infinity":9,"b:130:34:130:Infinity:131:34:131:Infinity":10,"b:138:36:138:84:138:84:138:Infinity":11,"b:138:46:138:64:138:64:138:84":12,"b:138:94:138:104:138:104:138:Infinity":13}}}
,"D:\\Namizje\\bookstore\\client\\src\\components\\books\\BookCard.tsx": {"path":"D:\\Namizje\\bookstore\\client\\src\\components\\books\\BookCard.tsx","statementMap":{"0":{"start":{"line":16,"column":17},"end":{"line":122,"column":null}},"1":{"start":{"line":50,"column":31},"end":{"line":50,"column":null}},"2":{"start":{"line":72,"column":31},"end":{"line":72,"column":null}},"3":{"start":{"line":111,"column":29},"end":{"line":111,"column":null}}},"fnMap":{"0":{"name":"(anonymous_0)","decl":{"start":{"line":16,"column":17},"end":{"line":16,"column":18}},"loc":{"start":{"line":24,"column":16},"end":{"line":122,"column":null}},"line":24},"1":{"name":"(anonymous_1)","decl":{"start":{"line":50,"column":25},"end":{"line":50,"column":31}},"loc":{"start":{"line":50,"column":31},"end":{"line":50,"column":null}},"line":50},"2":{"name":"(anonymous_2)","decl":{"start":{"line":72,"column":25},"end":{"line":72,"column":31}},"loc":{"start":{"line":72,"column":31},"end":{"line":72,"column":null}},"line":72},"3":{"name":"(anonymous_3)","decl":{"start":{"line":111,"column":23},"end":{"line":111,"column":29}},"loc":{"start":{"line":111,"column":29},"end":{"line":111,"column":null}},"line":111}},"branchMap":{"0":{"loc":{"start":{"line":18,"column":2},"end":{"line":18,"column":20}},"type":"default-arg","locations":[{"start":{"line":18,"column":15},"end":{"line":18,"column":20}}],"line":18},"1":{"loc":{"start":{"line":22,"column":2},"end":{"line":22,"column":20}},"type":"default-arg","locations":[{"start":{"line":22,"column":16},"end":{"line":22,"column":20}}],"line":22},"2":{"loc":{"start":{"line":23,"column":2},"end":{"line":23,"column":21}},"type":"default-arg","locations":[{"start":{"line":23,"column":12},"end":{"line":23,"column":21}}],"line":23},"3":{"loc":{"start":{"line":49,"column":25},"end":{"line":49,"column":null}},"type":"cond-expr","locations":[{"start":{"line":49,"column":38},"end":{"line":49,"column":52}},{"start":{"line":49,"column":52},"end":{"line":49,"column":null}}],"line":49}},"s":{"0":1,"1":0,"2":0,"3":0},"f":{"0":4,"1":0,"2":0,"3":0},"b":{"0":[4],"1":[4],"2":[4],"3":[4,0]},"meta":{"lastBranch":4,"lastFunction":4,"lastStatement":4,"seen":{"s:16:17:122:Infinity":0,"f:16:17:16:18":0,"b:18:15:18:20":0,"b:22:16:22:20":1,"b:23:12:23:21":2,"b:49:38:49:52:49:52:49:Infinity":3,"f:50:25:50:31":1,"s:50:31:50:Infinity":1,"f:72:25:72:31":2,"s:72:31:72:Infinity":2,"f:111:23:111:29":3,"s:111:29:111:Infinity":3}}}
,"D:\\Namizje\\bookstore\\client\\src\\components\\books\\BookList.tsx": {"path":"D:\\Namizje\\bookstore\\client\\src\\components\\books\\BookList.tsx","statementMap":{"0":{"start":{"line":12,"column":17},"end":{"line":49,"column":null}},"1":{"start":{"line":13,"column":21},"end":{"line":13,"column":null}},"2":{"start":{"line":13,"column":41},"end":{"line":13,"column":null}},"3":{"start":{"line":13,"column":60},"end":{"line":13,"column":null}},"4":{"start":{"line":15,"column":2},"end":{"line":29,"column":null}}},"fnMap":{"0":{"name":"(anonymous_0)","decl":{"start":{"line":12,"column":17},"end":{"line":12,"column":18}},"loc":{"start":{"line":12,"column":79},"end":{"line":49,"column":null}},"line":12},"1":{"name":"(anonymous_1)","decl":{"start":{"line":13,"column":21},"end":{"line":13,"column":22}},"loc":{"start":{"line":13,"column":41},"end":{"line":13,"column":null}},"line":13},"2":{"name":"(anonymous_2)","decl":{"start":{"line":13,"column":53},"end":{"line":13,"column":54}},"loc":{"start":{"line":13,"column":60},"end":{"line":13,"column":null}},"line":13}},"branchMap":{"0":{"loc":{"start":{"line":15,"column":2},"end":{"line":29,"column":null}},"type":"if","locations":[{"start":{"line":15,"column":2},"end":{"line":29,"column":null}},{"start":{},"end":{}}],"line":15}},"s":{"0":1,"1":9,"2":4,"3":4,"4":9},"f":{"0":9,"1":4,"2":4},"b":{"0":[5,4]},"meta":{"lastBranch":1,"lastFunction":3,"lastStatement":5,"seen":{"s:12:17:49:Infinity":0,"f:12:17:12:18":0,"s:13:21:13:Infinity":1,"f:13:21:13:22":1,"s:13:41:13:Infinity":2,"f:13:53:13:54":2,"s:13:60:13:Infinity":3,"b:15:2:29:Infinity:undefined:undefined:undefined:undefined":0,"s:15:2:29:Infinity":4}}}
,"D:\\Namizje\\bookstore\\client\\src\\components\\books\\CreateBookModal.tsx": {"path":"D:\\Namizje\\bookstore\\client\\src\\components\\books\\CreateBookModal.tsx","statementMap":{"0":{"start":{"line":22,"column":24},"end":{"line":155,"column":null}},"1":{"start":{"line":23,"column":23},"end":{"line":23,"column":null}},"2":{"start":{"line":24,"column":29},"end":{"line":24,"column":null}},"3":{"start":{"line":25,"column":31},"end":{"line":30,"column":null}},"4":{"start":{"line":32,"column":23},"end":{"line":55,"column":null}},"5":{"start":{"line":33,"column":4},"end":{"line":33,"column":null}},"6":{"start":{"line":34,"column":4},"end":{"line":34,"column":null}},"7":{"start":{"line":36,"column":4},"end":{"line":54,"column":null}},"8":{"start":{"line":37,"column":6},"end":{"line":37,"column":null}},"9":{"start":{"line":38,"column":6},"end":{"line":41,"column":null}},"10":{"start":{"line":42,"column":6},"end":{"line":42,"column":null}},"11":{"start":{"line":43,"column":6},"end":{"line":43,"column":null}},"12":{"start":{"line":44,"column":6},"end":{"line":44,"column":null}},"13":{"start":{"line":46,"column":6},"end":{"line":46,"column":null}},"14":{"start":{"line":47,"column":6},"end":{"line":51,"column":null}},"15":{"start":{"line":53,"column":6},"end":{"line":53,"column":null}},"16":{"start":{"line":87,"column":16},"end":{"line":87,"column":null}},"17":{"start":{"line":102,"column":16},"end":{"line":102,"column":null}},"18":{"start":{"line":117,"column":16},"end":{"line":117,"column":null}},"19":{"start":{"line":132,"column":16},"end":{"line":132,"column":null}},"20":{"start":{"line":142,"column":29},"end":{"line":142,"column":null}}},"fnMap":{"0":{"name":"(anonymous_0)","decl":{"start":{"line":22,"column":24},"end":{"line":22,"column":25}},"loc":{"start":{"line":22,"column":64},"end":{"line":155,"column":null}},"line":22},"1":{"name":"(anonymous_1)","decl":{"start":{"line":32,"column":23},"end":{"line":32,"column":30}},"loc":{"start":{"line":32,"column":30},"end":{"line":55,"column":null}},"line":32},"2":{"name":"(anonymous_2)","decl":{"start":{"line":86,"column":24},"end":{"line":86,"column":25}},"loc":{"start":{"line":87,"column":16},"end":{"line":87,"column":null}},"line":87},"3":{"name":"(anonymous_3)","decl":{"start":{"line":101,"column":24},"end":{"line":101,"column":25}},"loc":{"start":{"line":102,"column":16},"end":{"line":102,"column":null}},"line":102},"4":{"name":"(anonymous_4)","decl":{"start":{"line":116,"column":24},"end":{"line":116,"column":25}},"loc":{"start":{"line":117,"column":16},"end":{"line":117,"column":null}},"line":117},"5":{"name":"(anonymous_5)","decl":{"start":{"line":131,"column":24},"end":{"line":131,"column":25}},"loc":{"start":{"line":132,"column":16},"end":{"line":132,"column":null}},"line":132},"6":{"name":"(anonymous_6)","decl":{"start":{"line":142,"column":23},"end":{"line":142,"column":29}},"loc":{"start":{"line":142,"column":29},"end":{"line":142,"column":null}},"line":142}},"branchMap":{"0":{"loc":{"start":{"line":148,"column":15},"end":{"line":148,"column":null}},"type":"cond-expr","locations":[{"start":{"line":148,"column":25},"end":{"line":148,"column":39}},{"start":{"line":148,"column":39},"end":{"line":148,"column":null}}],"line":148}},"s":{"0":1,"1":9,"2":9,"3":9,"4":9,"5":0,"6":0,"7":0,"8":0,"9":0,"10":0,"11":0,"12":0,"13":0,"14":0,"15":0,"16":0,"17":0,"18":0,"19":0,"20":0},"f":{"0":9,"1":0,"2":0,"3":0,"4":0,"5":0,"6":0},"b":{"0":[0,9]},"meta":{"lastBranch":1,"lastFunction":7,"lastStatement":21,"seen":{"s:22:24:155:Infinity":0,"f:22:24:22:25":0,"s:23:23:23:Infinity":1,"s:24:29:24:Infinity":2,"s:25:31:30:Infinity":3,"s:32:23:55:Infinity":4,"f:32:23:32:30":1,"s:33:4:33:Infinity":5,"s:34:4:34:Infinity":6,"s:36:4:54:Infinity":7,"s:37:6:37:Infinity":8,"s:38:6:41:Infinity":9,"s:42:6:42:Infinity":10,"s:43:6:43:Infinity":11,"s:44:6:44:Infinity":12,"s:46:6:46:Infinity":13,"s:47:6:51:Infinity":14,"s:53:6:53:Infinity":15,"f:86:24:86:25":2,"s:87:16:87:Infinity":16,"f:101:24:101:25":3,"s:102:16:102:Infinity":17,"f:116:24:116:25":4,"s:117:16:117:Infinity":18,"f:131:24:131:25":5,"s:132:16:132:Infinity":19,"f:142:23:142:29":6,"s:142:29:142:Infinity":20,"b:148:25:148:39:148:39:148:Infinity":0}}}
,"D:\\Namizje\\bookstore\\client\\src\\components\\books\\MyListSection.tsx": {"path":"D:\\Namizje\\bookstore\\client\\src\\components\\books\\MyListSection.tsx","statementMap":{"0":{"start":{"line":10,"column":22},"end":{"line":43,"column":null}},"1":{"start":{"line":11,"column":2},"end":{"line":25,"column":null}}},"fnMap":{"0":{"name":"(anonymous_0)","decl":{"start":{"line":10,"column":22},"end":{"line":10,"column":23}},"loc":{"start":{"line":10,"column":72},"end":{"line":43,"column":null}},"line":10}},"branchMap":{"0":{"loc":{"start":{"line":11,"column":2},"end":{"line":25,"column":null}},"type":"if","locations":[{"start":{"line":11,"column":2},"end":{"line":25,"column":null}},{"start":{},"end":{}}],"line":11}},"s":{"0":1,"1":0},"f":{"0":0},"b":{"0":[0,0]},"meta":{"lastBranch":1,"lastFunction":1,"lastStatement":2,"seen":{"s:10:22:43:Infinity":0,"f:10:22:10:23":0,"b:11:2:25:Infinity:undefined:undefined:undefined:undefined":0,"s:11:2:25:Infinity":1}}}
,"D:\\Namizje\\bookstore\\client\\src\\components\\ui\\button.tsx": {"path":"D:\\Namizje\\bookstore\\client\\src\\components\\ui\\button.tsx","statementMap":{"0":{"start":{"line":7,"column":6},"end":{"line":31,"column":null}},"1":{"start":{"line":40,"column":15},"end":{"line":44,"column":null}},"2":{"start":{"line":42,"column":17},"end":{"line":42,"column":null}},"3":{"start":{"line":46,"column":0},"end":{"line":46,"column":null}}},"fnMap":{"0":{"name":"(anonymous_0)","decl":{"start":{"line":41,"column":2},"end":{"line":41,"column":3}},"loc":{"start":{"line":41,"column":60},"end":{"line":44,"column":null}},"line":41}},"branchMap":{"0":{"loc":{"start":{"line":41,"column":31},"end":{"line":41,"column":46}},"type":"default-arg","locations":[{"start":{"line":41,"column":41},"end":{"line":41,"column":46}}],"line":41},"1":{"loc":{"start":{"line":42,"column":17},"end":{"line":42,"column":null}},"type":"cond-expr","locations":[{"start":{"line":42,"column":27},"end":{"line":42,"column":34}},{"start":{"line":42,"column":34},"end":{"line":42,"column":null}}],"line":42}},"s":{"0":1,"1":1,"2":33,"3":1},"f":{"0":33},"b":{"0":[33],"1":[0,33]},"meta":{"lastBranch":2,"lastFunction":1,"lastStatement":4,"seen":{"s:7:6:31:Infinity":0,"s:40:15:44:Infinity":1,"f:41:2:41:3":0,"b:41:41:41:46":0,"s:42:17:42:Infinity":2,"b:42:27:42:34:42:34:42:Infinity":1,"s:46:0:46:Infinity":3}}}
,"D:\\Namizje\\bookstore\\client\\src\\components\\ui\\card.tsx": {"path":"D:\\Namizje\\bookstore\\client\\src\\components\\ui\\card.tsx","statementMap":{"0":{"start":{"line":8,"column":0},"end":{"line":8,"column":null}},"1":{"start":{"line":15,"column":0},"end":{"line":15,"column":null}},"2":{"start":{"line":22,"column":0},"end":{"line":22,"column":null}},"3":{"start":{"line":29,"column":0},"end":{"line":29,"column":null}},"4":{"start":{"line":34,"column":0},"end":{"line":34,"column":null}},"5":{"start":{"line":41,"column":0},"end":{"line":41,"column":null}}},"fnMap":{},"branchMap":{},"s":{"0":1,"1":1,"2":1,"3":1,"4":1,"5":1},"f":{},"b":{},"meta":{"lastBranch":0,"lastFunction":0,"lastStatement":6,"seen":{"s:8:0:8:Infinity":0,"s:15:0:15:Infinity":1,"s:22:0:22:Infinity":2,"s:29:0:29:Infinity":3,"s:34:0:34:Infinity":4,"s:41:0:41:Infinity":5}}}
,"D:\\Namizje\\bookstore\\client\\src\\components\\ui\\dialog.tsx": {"path":"D:\\Namizje\\bookstore\\client\\src\\components\\ui\\dialog.tsx","statementMap":{"0":{"start":{"line":7,"column":15},"end":{"line":7,"column":35}},"1":{"start":{"line":9,"column":22},"end":{"line":9,"column":45}},"2":{"start":{"line":11,"column":21},"end":{"line":11,"column":43}},"3":{"start":{"line":13,"column":20},"end":{"line":13,"column":41}},"4":{"start":{"line":28,"column":0},"end":{"line":28,"column":null}},"5":{"start":{"line":52,"column":0},"end":{"line":52,"column":null}},"6":{"start":{"line":57,"column":0},"end":{"line":57,"column":null}},"7":{"start":{"line":62,"column":0},"end":{"line":62,"column":null}},"8":{"start":{"line":74,"column":0},"end":{"line":74,"column":null}},"9":{"start":{"line":82,"column":0},"end":{"line":82,"column":null}}},"fnMap":{},"branchMap":{},"s":{"0":1,"1":1,"2":1,"3":1,"4":1,"5":1,"6":1,"7":1,"8":1,"9":1},"f":{},"b":{},"meta":{"lastBranch":0,"lastFunction":0,"lastStatement":10,"seen":{"s:7:15:7:35":0,"s:9:22:9:45":1,"s:11:21:11:43":2,"s:13:20:13:41":3,"s:28:0:28:Infinity":4,"s:52:0:52:Infinity":5,"s:57:0:57:Infinity":6,"s:62:0:62:Infinity":7,"s:74:0:74:Infinity":8,"s:82:0:82:Infinity":9}}}
,"D:\\Namizje\\bookstore\\client\\src\\components\\ui\\input.tsx": {"path":"D:\\Namizje\\bookstore\\client\\src\\components\\ui\\input.tsx","statementMap":{"0":{"start":{"line":5,"column":14},"end":{"line":18,"column":null}},"1":{"start":{"line":20,"column":0},"end":{"line":20,"column":null}}},"fnMap":{"0":{"name":"(anonymous_0)","decl":{"start":{"line":6,"column":2},"end":{"line":6,"column":3}},"loc":{"start":{"line":6,"column":34},"end":{"line":18,"column":null}},"line":6}},"branchMap":{},"s":{"0":1,"1":1},"f":{"0":16},"b":{},"meta":{"lastBranch":0,"lastFunction":1,"lastStatement":2,"seen":{"s:5:14:18:Infinity":0,"f:6:2:6:3":0,"s:20:0:20:Infinity":1}}}
,"D:\\Namizje\\bookstore\\client\\src\\components\\ui\\label.tsx": {"path":"D:\\Namizje\\bookstore\\client\\src\\components\\ui\\label.tsx","statementMap":{"0":{"start":{"line":7,"column":6},"end":{"line":7,"column":null}},"1":{"start":{"line":15,"column":0},"end":{"line":15,"column":null}}},"fnMap":{},"branchMap":{},"s":{"0":1,"1":1},"f":{},"b":{},"meta":{"lastBranch":0,"lastFunction":0,"lastStatement":2,"seen":{"s:7:6:7:Infinity":0,"s:15:0:15:Infinity":1}}}
,"D:\\Namizje\\bookstore\\client\\src\\components\\ui\\sonner.tsx": {"path":"D:\\Namizje\\bookstore\\client\\src\\components\\ui\\sonner.tsx","statementMap":{"0":{"start":{"line":6,"column":16},"end":{"line":25,"column":null}},"1":{"start":{"line":7,"column":28},"end":{"line":7,"column":null}}},"fnMap":{"0":{"name":"(anonymous_0)","decl":{"start":{"line":6,"column":16},"end":{"line":6,"column":17}},"loc":{"start":{"line":6,"column":43},"end":{"line":25,"column":null}},"line":6}},"branchMap":{"0":{"loc":{"start":{"line":7,"column":10},"end":{"line":7,"column":26}},"type":"default-arg","locations":[{"start":{"line":7,"column":18},"end":{"line":7,"column":26}}],"line":7}},"s":{"0":1,"1":5},"f":{"0":5},"b":{"0":[5]},"meta":{"lastBranch":1,"lastFunction":1,"lastStatement":2,"seen":{"s:6:16:25:Infinity":0,"f:6:16:6:17":0,"s:7:28:7:Infinity":1,"b:7:18:7:26":0}}}
,"D:\\Namizje\\bookstore\\client\\src\\components\\ui\\tabs.tsx": {"path":"D:\\Namizje\\bookstore\\client\\src\\components\\ui\\tabs.tsx","statementMap":{"0":{"start":{"line":6,"column":13},"end":{"line":6,"column":31}},"1":{"start":{"line":21,"column":0},"end":{"line":21,"column":null}},"2":{"start":{"line":36,"column":0},"end":{"line":36,"column":null}},"3":{"start":{"line":51,"column":0},"end":{"line":51,"column":null}}},"fnMap":{},"branchMap":{},"s":{"0":1,"1":1,"2":1,"3":1},"f":{},"b":{},"meta":{"lastBranch":0,"lastFunction":0,"lastStatement":4,"seen":{"s:6:13:6:31":0,"s:21:0:21:Infinity":1,"s:36:0:36:Infinity":2,"s:51:0:51:Infinity":3}}}
,"D:\\Namizje\\bookstore\\client\\src\\components\\ui\\textarea.tsx": {"path":"D:\\Namizje\\bookstore\\client\\src\\components\\ui\\textarea.tsx","statementMap":{"0":{"start":{"line":7,"column":17},"end":{"line":18,"column":null}},"1":{"start":{"line":19,"column":0},"end":{"line":19,"column":null}}},"fnMap":{"0":{"name":"(anonymous_0)","decl":{"start":{"line":7,"column":70},"end":{"line":7,"column":71}},"loc":{"start":{"line":7,"column":96},"end":{"line":18,"column":null}},"line":7}},"branchMap":{},"s":{"0":1,"1":1},"f":{"0":0},"b":{},"meta":{"lastBranch":0,"lastFunction":1,"lastStatement":2,"seen":{"s:7:17:18:Infinity":0,"f:7:70:7:71":0,"s:19:0:19:Infinity":1}}}
,"D:\\Namizje\\bookstore\\client\\src\\components\\ui\\toast.tsx": {"path":"D:\\Namizje\\bookstore\\client\\src\\components\\ui\\toast.tsx","statementMap":{"0":{"start":{"line":8,"column":22},"end":{"line":8,"column":46}},"1":{"start":{"line":23,"column":0},"end":{"line":23,"column":null}},"2":{"start":{"line":25,"column":6},"end":{"line":37,"column":null}},"3":{"start":{"line":40,"column":14},"end":{"line":45,"column":null}},"4":{"start":{"line":46,"column":0},"end":{"line":46,"column":null}},"5":{"start":{"line":61,"column":0},"end":{"line":61,"column":null}},"6":{"start":{"line":79,"column":0},"end":{"line":79,"column":null}},"7":{"start":{"line":87,"column":0},"end":{"line":87,"column":null}},"8":{"start":{"line":95,"column":0},"end":{"line":95,"column":null}}},"fnMap":{"0":{"name":"(anonymous_0)","decl":{"start":{"line":43,"column":2},"end":{"line":43,"column":3}},"loc":{"start":{"line":43,"column":37},"end":{"line":45,"column":null}},"line":43}},"branchMap":{},"s":{"0":1,"1":1,"2":1,"3":1,"4":1,"5":1,"6":1,"7":1,"8":1},"f":{"0":0},"b":{},"meta":{"lastBranch":0,"lastFunction":1,"lastStatement":9,"seen":{"s:8:22:8:46":0,"s:23:0:23:Infinity":1,"s:25:6:37:Infinity":2,"s:40:14:45:Infinity":3,"f:43:2:43:3":0,"s:46:0:46:Infinity":4,"s:61:0:61:Infinity":5,"s:79:0:79:Infinity":6,"s:87:0:87:Infinity":7,"s:95:0:95:Infinity":8}}}
,"D:\\Namizje\\bookstore\\client\\src\\components\\ui\\toaster.tsx": {"path":"D:\\Namizje\\bookstore\\client\\src\\components\\ui\\toaster.tsx","statementMap":{"0":{"start":{"line":5,"column":18},"end":{"line":5,"column":null}}},"fnMap":{"0":{"name":"Toaster","decl":{"start":{"line":4,"column":16},"end":{"line":4,"column":null}},"loc":{"start":{"line":4,"column":16},"end":{"line":24,"column":null}},"line":4},"1":{"name":"(anonymous_1)","decl":{"start":{"line":9,"column":18},"end":{"line":9,"column":28}},"loc":{"start":{"line":9,"column":72},"end":{"line":20,"column":null}},"line":9}},"branchMap":{},"s":{"0":5},"f":{"0":5,"1":0},"b":{},"meta":{"lastBranch":0,"lastFunction":2,"lastStatement":1,"seen":{"f:4:16:4:Infinity":0,"s:5:18:5:Infinity":0,"f:9:18:9:28":1}}}
,"D:\\Namizje\\bookstore\\client\\src\\components\\ui\\tooltip.tsx": {"path":"D:\\Namizje\\bookstore\\client\\src\\components\\ui\\tooltip.tsx","statementMap":{"0":{"start":{"line":6,"column":24},"end":{"line":6,"column":49}},"1":{"start":{"line":8,"column":16},"end":{"line":8,"column":37}},"2":{"start":{"line":10,"column":23},"end":{"line":10,"column":47}},"3":{"start":{"line":26,"column":0},"end":{"line":26,"column":null}}},"fnMap":{},"branchMap":{"0":{"loc":{"start":{"line":15,"column":16},"end":{"line":15,"column":30}},"type":"default-arg","locations":[{"start":{"line":15,"column":29},"end":{"line":15,"column":30}}],"line":15}},"s":{"0":1,"1":1,"2":1,"3":1},"f":{},"b":{"0":[0]},"meta":{"lastBranch":1,"lastFunction":0,"lastStatement":4,"seen":{"s:6:24:6:49":0,"s:8:16:8:37":1,"s:10:23:10:47":2,"b:15:29:15:30":0,"s:26:0:26:Infinity":3}}}
,"D:\\Namizje\\bookstore\\client\\src\\hooks\\use-toast.ts": {"path":"D:\\Namizje\\bookstore\\client\\src\\hooks\\use-toast.ts","statementMap":{"0":{"start":{"line":5,"column":20},"end":{"line":5,"column":null}},"1":{"start":{"line":6,"column":27},"end":{"line":6,"column":null}},"2":{"start":{"line":15,"column":20},"end":{"line":20,"column":null}},"3":{"start":{"line":22,"column":12},"end":{"line":22,"column":null}},"4":{"start":{"line":25,"column":2},"end":{"line":25,"column":null}},"5":{"start":{"line":26,"column":2},"end":{"line":26,"column":null}},"6":{"start":{"line":53,"column":22},"end":{"line":53,"column":null}},"7":{"start":{"line":55,"column":25},"end":{"line":69,"column":null}},"8":{"start":{"line":56,"column":2},"end":{"line":58,"column":null}},"9":{"start":{"line":57,"column":4},"end":{"line":57,"column":null}},"10":{"start":{"line":60,"column":18},"end":{"line":66,"column":null}},"11":{"start":{"line":61,"column":4},"end":{"line":61,"column":null}},"12":{"start":{"line":62,"column":4},"end":{"line":65,"column":null}},"13":{"start":{"line":68,"column":2},"end":{"line":68,"column":null}},"14":{"start":{"line":71,"column":23},"end":{"line":122,"column":null}},"15":{"start":{"line":72,"column":2},"end":{"line":121,"column":null}},"16":{"start":{"line":74,"column":6},"end":{"line":77,"column":null}},"17":{"start":{"line":80,"column":6},"end":{"line":83,"column":null}},"18":{"start":{"line":82,"column":41},"end":{"line":82,"column":null}},"19":{"start":{"line":86,"column":26},"end":{"line":86,"column":null}},"20":{"start":{"line":90,"column":6},"end":{"line":96,"column":null}},"21":{"start":{"line":91,"column":8},"end":{"line":91,"column":null}},"22":{"start":{"line":93,"column":8},"end":{"line":95,"column":null}},"23":{"start":{"line":94,"column":10},"end":{"line":94,"column":null}},"24":{"start":{"line":98,"column":6},"end":{"line":108,"column":null}},"25":{"start":{"line":101,"column":10},"end":{"line":106,"column":null}},"26":{"start":{"line":111,"column":6},"end":{"line":116,"column":null}},"27":{"start":{"line":112,"column":8},"end":{"line":115,"column":null}},"28":{"start":{"line":117,"column":6},"end":{"line":120,"column":null}},"29":{"start":{"line":119,"column":43},"end":{"line":119,"column":66}},"30":{"start":{"line":124,"column":49},"end":{"line":124,"column":51}},"31":{"start":{"line":126,"column":25},"end":{"line":126,"column":null}},"32":{"start":{"line":129,"column":2},"end":{"line":129,"column":null}},"33":{"start":{"line":130,"column":2},"end":{"line":132,"column":null}},"34":{"start":{"line":131,"column":4},"end":{"line":131,"column":null}},"35":{"start":{"line":138,"column":13},"end":{"line":138,"column":null}},"36":{"start":{"line":140,"column":17},"end":{"line":144,"column":null}},"37":{"start":{"line":141,"column":4},"end":{"line":144,"column":null}},"38":{"start":{"line":145,"column":18},"end":{"line":145,"column":null}},"39":{"start":{"line":145,"column":24},"end":{"line":145,"column":null}},"40":{"start":{"line":147,"column":2},"end":{"line":157,"column":null}},"41":{"start":{"line":154,"column":8},"end":{"line":154,"column":null}},"42":{"start":{"line":154,"column":19},"end":{"line":154,"column":null}},"43":{"start":{"line":159,"column":2},"end":{"line":163,"column":null}},"44":{"start":{"line":167,"column":28},"end":{"line":167,"column":null}},"45":{"start":{"line":169,"column":2},"end":{"line":177,"column":null}},"46":{"start":{"line":170,"column":4},"end":{"line":170,"column":null}},"47":{"start":{"line":171,"column":4},"end":{"line":176,"column":null}},"48":{"start":{"line":172,"column":20},"end":{"line":172,"column":null}},"49":{"start":{"line":173,"column":6},"end":{"line":175,"column":null}},"50":{"start":{"line":174,"column":8},"end":{"line":174,"column":null}},"51":{"start":{"line":179,"column":2},"end":{"line":183,"column":null}},"52":{"start":{"line":182,"column":35},"end":{"line":182,"column":null}}},"fnMap":{"0":{"name":"genId","decl":{"start":{"line":24,"column":9},"end":{"line":24,"column":null}},"loc":{"start":{"line":24,"column":9},"end":{"line":27,"column":null}},"line":24},"1":{"name":"(anonymous_1)","decl":{"start":{"line":55,"column":25},"end":{"line":55,"column":26}},"loc":{"start":{"line":55,"column":26},"end":{"line":69,"column":null}},"line":55},"2":{"name":"(anonymous_2)","decl":{"start":{"line":60,"column":29},"end":{"line":60,"column":null}},"loc":{"start":{"line":60,"column":29},"end":{"line":66,"column":5}},"line":60},"3":{"name":"(anonymous_3)","decl":{"start":{"line":71,"column":23},"end":{"line":71,"column":24}},"loc":{"start":{"line":71,"column":38},"end":{"line":122,"column":null}},"line":71},"4":{"name":"(anonymous_4)","decl":{"start":{"line":82,"column":33},"end":{"line":82,"column":34}},"loc":{"start":{"line":82,"column":41},"end":{"line":82,"column":null}},"line":82},"5":{"name":"(anonymous_5)","decl":{"start":{"line":93,"column":29},"end":{"line":93,"column":30}},"loc":{"start":{"line":93,"column":30},"end":{"line":95,"column":null}},"line":93},"6":{"name":"(anonymous_6)","decl":{"start":{"line":100,"column":33},"end":{"line":100,"column":34}},"loc":{"start":{"line":101,"column":10},"end":{"line":106,"column":null}},"line":101},"7":{"name":"(anonymous_7)","decl":{"start":{"line":119,"column":36},"end":{"line":119,"column":37}},"loc":{"start":{"line":119,"column":43},"end":{"line":119,"column":66}},"line":119},"8":{"name":"dispatch","decl":{"start":{"line":128,"column":9},"end":{"line":128,"column":18}},"loc":{"start":{"line":128,"column":32},"end":{"line":133,"column":null}},"line":128},"9":{"name":"(anonymous_9)","decl":{"start":{"line":130,"column":20},"end":{"line":130,"column":21}},"loc":{"start":{"line":130,"column":21},"end":{"line":132,"column":null}},"line":130},"10":{"name":"toast","decl":{"start":{"line":137,"column":9},"end":{"line":137,"column":15}},"loc":{"start":{"line":137,"column":34},"end":{"line":164,"column":null}},"line":137},"11":{"name":"(anonymous_11)","decl":{"start":{"line":140,"column":17},"end":{"line":140,"column":18}},"loc":{"start":{"line":141,"column":4},"end":{"line":144,"column":null}},"line":141},"12":{"name":"(anonymous_12)","decl":{"start":{"line":145,"column":18},"end":{"line":145,"column":24}},"loc":{"start":{"line":145,"column":24},"end":{"line":145,"column":null}},"line":145},"13":{"name":"(anonymous_13)","decl":{"start":{"line":153,"column":20},"end":{"line":153,"column":21}},"loc":{"start":{"line":153,"column":21},"end":{"line":155,"column":null}},"line":153},"14":{"name":"useToast","decl":{"start":{"line":166,"column":9},"end":{"line":166,"column":null}},"loc":{"start":{"line":166,"column":9},"end":{"line":184,"column":null}},"line":166},"15":{"name":"(anonymous_15)","decl":{"start":{"line":169,"column":18},"end":{"line":169,"column":null}},"loc":{"start":{"line":169,"column":18},"end":{"line":177,"column":5}},"line":169},"16":{"name":"(anonymous_16)","decl":{"start":{"line":171,"column":11},"end":{"line":171,"column":null}},"loc":{"start":{"line":171,"column":11},"end":{"line":176,"column":null}},"line":171},"17":{"name":"(anonymous_17)","decl":{"start":{"line":182,"column":13},"end":{"line":182,"column":14}},"loc":{"start":{"line":182,"column":35},"end":{"line":182,"column":null}},"line":182}},"branchMap":{"0":{"loc":{"start":{"line":56,"column":2},"end":{"line":58,"column":null}},"type":"if","locations":[{"start":{"line":56,"column":2},"end":{"line":58,"column":null}},{"start":{},"end":{}}],"line":56},"1":{"loc":{"start":{"line":72,"column":2},"end":{"line":121,"column":null}},"type":"switch","locations":[{"start":{"line":73,"column":4},"end":{"line":77,"column":null}},{"start":{"line":79,"column":4},"end":{"line":83,"column":null}},{"start":{"line":85,"column":4},"end":{"line":109,"column":null}},{"start":{"line":110,"column":4},"end":{"line":120,"column":null}}],"line":72},"2":{"loc":{"start":{"line":82,"column":41},"end":{"line":82,"column":null}},"type":"cond-expr","locations":[{"start":{"line":82,"column":68},"end":{"line":82,"column":96}},{"start":{"line":82,"column":96},"end":{"line":82,"column":null}}],"line":82},"3":{"loc":{"start":{"line":90,"column":6},"end":{"line":96,"column":null}},"type":"if","locations":[{"start":{"line":90,"column":6},"end":{"line":96,"column":null}},{"start":{"line":92,"column":13},"end":{"line":96,"column":null}}],"line":90},"4":{"loc":{"start":{"line":101,"column":10},"end":{"line":106,"column":null}},"type":"cond-expr","locations":[{"start":{"line":102,"column":14},"end":{"line":105,"column":null}},{"start":{"line":106,"column":14},"end":{"line":106,"column":null}}],"line":101},"5":{"loc":{"start":{"line":101,"column":10},"end":{"line":101,"column":null}},"type":"binary-expr","locations":[{"start":{"line":101,"column":10},"end":{"line":101,"column":30}},{"start":{"line":101,"column":30},"end":{"line":101,"column":null}}],"line":101},"6":{"loc":{"start":{"line":111,"column":6},"end":{"line":116,"column":null}},"type":"if","locations":[{"start":{"line":111,"column":6},"end":{"line":116,"column":null}},{"start":{},"end":{}}],"line":111},"7":{"loc":{"start":{"line":154,"column":8},"end":{"line":154,"column":null}},"type":"if","locations":[{"start":{"line":154,"column":8},"end":{"line":154,"column":null}},{"start":{},"end":{}}],"line":154},"8":{"loc":{"start":{"line":173,"column":6},"end":{"line":175,"column":null}},"type":"if","locations":[{"start":{"line":173,"column":6},"end":{"line":175,"column":null}},{"start":{},"end":{}}],"line":173}},"s":{"0":1,"1":1,"2":1,"3":1,"4":0,"5":0,"6":1,"7":1,"8":0,"9":0,"10":0,"11":0,"12":0,"13":0,"14":1,"15":0,"16":0,"17":0,"18":0,"19":0,"20":0,"21":0,"22":0,"23":0,"24":0,"25":0,"26":0,"27":0,"28":0,"29":0,"30":1,"31":1,"32":0,"33":0,"34":0,"35":0,"36":0,"37":0,"38":0,"39":0,"40":0,"41":0,"42":0,"43":0,"44":5,"45":5,"46":4,"47":4,"48":4,"49":4,"50":4,"51":5,"52":0},"f":{"0":0,"1":0,"2":0,"3":0,"4":0,"5":0,"6":0,"7":0,"8":0,"9":0,"10":0,"11":0,"12":0,"13":0,"14":5,"15":4,"16":4,"17":0},"b":{"0":[0,0],"1":[0,0,0,0],"2":[0,0],"3":[0,0],"4":[0,0],"5":[0,0],"6":[0,0],"7":[0,0],"8":[4,0]},"meta":{"lastBranch":9,"lastFunction":18,"lastStatement":53,"seen":{"s:5:20:5:Infinity":0,"s:6:27:6:Infinity":1,"s:15:20:20:Infinity":2,"s:22:12:22:Infinity":3,"f:24:9:24:Infinity":0,"s:25:2:25:Infinity":4,"s:26:2:26:Infinity":5,"s:53:22:53:Infinity":6,"s:55:25:69:Infinity":7,"f:55:25:55:26":1,"b:56:2:58:Infinity:undefined:undefined:undefined:undefined":0,"s:56:2:58:Infinity":8,"s:57:4:57:Infinity":9,"s:60:18:66:Infinity":10,"f:60:29:60:Infinity":2,"s:61:4:61:Infinity":11,"s:62:4:65:Infinity":12,"s:68:2:68:Infinity":13,"s:71:23:122:Infinity":14,"f:71:23:71:24":3,"b:73:4:77:Infinity:79:4:83:Infinity:85:4:109:Infinity:110:4:120:Infinity":1,"s:72:2:121:Infinity":15,"s:74:6:77:Infinity":16,"s:80:6:83:Infinity":17,"f:82:33:82:34":4,"s:82:41:82:Infinity":18,"b:82:68:82:96:82:96:82:Infinity":2,"s:86:26:86:Infinity":19,"b:90:6:96:Infinity:92:13:96:Infinity":3,"s:90:6:96:Infinity":20,"s:91:8:91:Infinity":21,"s:93:8:95:Infinity":22,"f:93:29:93:30":5,"s:94:10:94:Infinity":23,"s:98:6:108:Infinity":24,"f:100:33:100:34":6,"s:101:10:106:Infinity":25,"b:102:14:105:Infinity:106:14:106:Infinity":4,"b:101:10:101:30:101:30:101:Infinity":5,"b:111:6:116:Infinity:undefined:undefined:undefined:undefined":6,"s:111:6:116:Infinity":26,"s:112:8:115:Infinity":27,"s:117:6:120:Infinity":28,"f:119:36:119:37":7,"s:119:43:119:66":29,"s:124:49:124:51":30,"s:126:25:126:Infinity":31,"f:128:9:128:18":8,"s:129:2:129:Infinity":32,"s:130:2:132:Infinity":33,"f:130:20:130:21":9,"s:131:4:131:Infinity":34,"f:137:9:137:15":10,"s:138:13:138:Infinity":35,"s:140:17:144:Infinity":36,"f:140:17:140:18":11,"s:141:4:144:Infinity":37,"s:145:18:145:Infinity":38,"f:145:18:145:24":12,"s:145:24:145:Infinity":39,"s:147:2:157:Infinity":40,"f:153:20:153:21":13,"b:154:8:154:Infinity:undefined:undefined:undefined:undefined":7,"s:154:8:154:Infinity":41,"s:154:19:154:Infinity":42,"s:159:2:163:Infinity":43,"f:166:9:166:Infinity":14,"s:167:28:167:Infinity":44,"s:169:2:177:Infinity":45,"f:169:18:169:Infinity":15,"s:170:4:170:Infinity":46,"s:171:4:176:Infinity":47,"f:171:11:171:Infinity":16,"s:172:20:172:Infinity":48,"b:173:6:175:Infinity:undefined:undefined:undefined:undefined":8,"s:173:6:175:Infinity":49,"s:174:8:174:Infinity":50,"s:179:2:183:Infinity":51,"f:182:13:182:14":17,"s:182:35:182:Infinity":52}}}
,"D:\\Namizje\\bookstore\\client\\src\\lib\\utils.ts": {"path":"D:\\Namizje\\bookstore\\client\\src\\lib\\utils.ts","statementMap":{"0":{"start":{"line":5,"column":2},"end":{"line":5,"column":null}}},"fnMap":{"0":{"name":"cn","decl":{"start":{"line":4,"column":16},"end":{"line":4,"column":19}},"loc":{"start":{"line":4,"column":42},"end":{"line":6,"column":null}},"line":4}},"branchMap":{},"s":{"0":156},"f":{"0":156},"b":{},"meta":{"lastBranch":0,"lastFunction":1,"lastStatement":1,"seen":{"f:4:16:4:19":0,"s:5:2:5:Infinity":0}}}
,"D:\\Namizje\\bookstore\\client\\src\\pages\\Auth.tsx": {"path":"D:\\Namizje\\bookstore\\client\\src\\pages\\Auth.tsx","statementMap":{"0":{"start":{"line":9,"column":13},"end":{"line":114,"column":null}},"1":{"start":{"line":10,"column":29},"end":{"line":10,"column":null}},"2":{"start":{"line":64,"column":29},"end":{"line":64,"column":null}},"3":{"start":{"line":77,"column":29},"end":{"line":77,"column":null}},"4":{"start":{"line":107,"column":39},"end":{"line":107,"column":null}}},"fnMap":{"0":{"name":"(anonymous_0)","decl":{"start":{"line":9,"column":13},"end":{"line":9,"column":14}},"loc":{"start":{"line":9,"column":42},"end":{"line":114,"column":null}},"line":9},"1":{"name":"(anonymous_1)","decl":{"start":{"line":64,"column":23},"end":{"line":64,"column":29}},"loc":{"start":{"line":64,"column":29},"end":{"line":64,"column":null}},"line":64},"2":{"name":"(anonymous_2)","decl":{"start":{"line":77,"column":23},"end":{"line":77,"column":29}},"loc":{"start":{"line":77,"column":29},"end":{"line":77,"column":null}},"line":77},"3":{"name":"(anonymous_3)","decl":{"start":{"line":107,"column":33},"end":{"line":107,"column":39}},"loc":{"start":{"line":107,"column":39},"end":{"line":107,"column":null}},"line":107}},"branchMap":{"0":{"loc":{"start":{"line":66,"column":16},"end":{"line":68,"column":null}},"type":"cond-expr","locations":[{"start":{"line":67,"column":20},"end":{"line":67,"column":null}},{"start":{"line":68,"column":20},"end":{"line":68,"column":null}}],"line":66},"1":{"loc":{"start":{"line":79,"column":16},"end":{"line":81,"column":null}},"type":"cond-expr","locations":[{"start":{"line":80,"column":20},"end":{"line":80,"column":null}},{"start":{"line":81,"column":20},"end":{"line":81,"column":null}}],"line":79},"2":{"loc":{"start":{"line":95,"column":17},"end":{"line":95,"column":null}},"type":"cond-expr","locations":[{"start":{"line":95,"column":27},"end":{"line":95,"column":44}},{"start":{"line":95,"column":44},"end":{"line":95,"column":null}}],"line":95},"3":{"loc":{"start":{"line":98,"column":17},"end":{"line":100,"column":null}},"type":"cond-expr","locations":[{"start":{"line":99,"column":20},"end":{"line":99,"column":null}},{"start":{"line":100,"column":20},"end":{"line":100,"column":null}}],"line":98}},"s":{"0":1,"1":7,"2":0,"3":1,"4":0},"f":{"0":7,"1":0,"2":1,"3":0},"b":{"0":[6,1],"1":[1,6],"2":[6,1],"3":[6,1]},"meta":{"lastBranch":4,"lastFunction":4,"lastStatement":5,"seen":{"s:9:13:114:Infinity":0,"f:9:13:9:14":0,"s:10:29:10:Infinity":1,"f:64:23:64:29":1,"s:64:29:64:Infinity":2,"b:67:20:67:Infinity:68:20:68:Infinity":0,"f:77:23:77:29":2,"s:77:29:77:Infinity":3,"b:80:20:80:Infinity:81:20:81:Infinity":1,"b:95:27:95:44:95:44:95:Infinity":2,"b:99:20:99:Infinity:100:20:100:Infinity":3,"f:107:33:107:39":3,"s:107:39:107:Infinity":4}}}
,"D:\\Namizje\\bookstore\\client\\src\\pages\\Home.tsx": {"path":"D:\\Namizje\\bookstore\\client\\src\\pages\\Home.tsx","statementMap":{"0":{"start":{"line":11,"column":13},"end":{"line":159,"column":null}},"1":{"start":{"line":12,"column":33},"end":{"line":12,"column":null}},"2":{"start":{"line":13,"column":31},"end":{"line":13,"column":null}},"3":{"start":{"line":14,"column":27},"end":{"line":14,"column":null}},"4":{"start":{"line":16,"column":22},"end":{"line":23,"column":null}},"5":{"start":{"line":17,"column":4},"end":{"line":22,"column":null}},"6":{"start":{"line":18,"column":18},"end":{"line":18,"column":null}},"7":{"start":{"line":19,"column":6},"end":{"line":19,"column":null}},"8":{"start":{"line":21,"column":6},"end":{"line":21,"column":null}},"9":{"start":{"line":25,"column":24},"end":{"line":32,"column":null}},"10":{"start":{"line":26,"column":4},"end":{"line":31,"column":null}},"11":{"start":{"line":27,"column":18},"end":{"line":27,"column":null}},"12":{"start":{"line":28,"column":6},"end":{"line":28,"column":null}},"13":{"start":{"line":30,"column":6},"end":{"line":30,"column":null}},"14":{"start":{"line":34,"column":24},"end":{"line":37,"column":null}},"15":{"start":{"line":35,"column":4},"end":{"line":35,"column":null}},"16":{"start":{"line":36,"column":4},"end":{"line":36,"column":null}},"17":{"start":{"line":39,"column":2},"end":{"line":42,"column":null}},"18":{"start":{"line":40,"column":4},"end":{"line":40,"column":null}},"19":{"start":{"line":41,"column":4},"end":{"line":41,"column":null}},"20":{"start":{"line":44,"column":28},"end":{"line":51,"column":null}},"21":{"start":{"line":45,"column":4},"end":{"line":50,"column":null}},"22":{"start":{"line":46,"column":6},"end":{"line":46,"column":null}},"23":{"start":{"line":47,"column":6},"end":{"line":47,"column":null}},"24":{"start":{"line":49,"column":6},"end":{"line":49,"column":null}},"25":{"start":{"line":53,"column":33},"end":{"line":60,"column":null}},"26":{"start":{"line":54,"column":4},"end":{"line":59,"column":null}},"27":{"start":{"line":55,"column":6},"end":{"line":55,"column":null}},"28":{"start":{"line":56,"column":6},"end":{"line":56,"column":null}},"29":{"start":{"line":58,"column":6},"end":{"line":58,"column":null}},"30":{"start":{"line":62,"column":27},"end":{"line":71,"column":null}},"31":{"start":{"line":63,"column":4},"end":{"line":63,"column":null}},"32":{"start":{"line":63,"column":71},"end":{"line":63,"column":null}},"33":{"start":{"line":64,"column":4},"end":{"line":70,"column":null}},"34":{"start":{"line":65,"column":6},"end":{"line":65,"column":null}},"35":{"start":{"line":66,"column":6},"end":{"line":66,"column":null}},"36":{"start":{"line":68,"column":6},"end":{"line":68,"column":null}},"37":{"start":{"line":69,"column":6},"end":{"line":69,"column":null}}},"fnMap":{"0":{"name":"(anonymous_0)","decl":{"start":{"line":11,"column":13},"end":{"line":11,"column":14}},"loc":{"start":{"line":11,"column":37},"end":{"line":159,"column":null}},"line":11},"1":{"name":"(anonymous_1)","decl":{"start":{"line":16,"column":22},"end":{"line":16,"column":null}},"loc":{"start":{"line":16,"column":22},"end":{"line":23,"column":null}},"line":16},"2":{"name":"(anonymous_2)","decl":{"start":{"line":25,"column":24},"end":{"line":25,"column":null}},"loc":{"start":{"line":25,"column":24},"end":{"line":32,"column":null}},"line":25},"3":{"name":"(anonymous_3)","decl":{"start":{"line":34,"column":24},"end":{"line":34,"column":null}},"loc":{"start":{"line":34,"column":24},"end":{"line":37,"column":null}},"line":34},"4":{"name":"(anonymous_4)","decl":{"start":{"line":39,"column":12},"end":{"line":39,"column":null}},"loc":{"start":{"line":39,"column":12},"end":{"line":42,"column":5}},"line":39},"5":{"name":"(anonymous_5)","decl":{"start":{"line":44,"column":28},"end":{"line":44,"column":35}},"loc":{"start":{"line":44,"column":35},"end":{"line":51,"column":null}},"line":44},"6":{"name":"(anonymous_6)","decl":{"start":{"line":53,"column":33},"end":{"line":53,"column":40}},"loc":{"start":{"line":53,"column":40},"end":{"line":60,"column":null}},"line":53},"7":{"name":"(anonymous_7)","decl":{"start":{"line":62,"column":27},"end":{"line":62,"column":34}},"loc":{"start":{"line":62,"column":34},"end":{"line":71,"column":null}},"line":62}},"branchMap":{"0":{"loc":{"start":{"line":63,"column":4},"end":{"line":63,"column":null}},"type":"if","locations":[{"start":{"line":63,"column":4},"end":{"line":63,"column":null}},{"start":{},"end":{}}],"line":63},"1":{"loc":{"start":{"line":130,"column":35},"end":{"line":130,"column":74}},"type":"cond-expr","locations":[{"start":{"line":130,"column":57},"end":{"line":130,"column":66}},{"start":{"line":130,"column":66},"end":{"line":130,"column":74}}],"line":130}},"s":{"0":1,"1":9,"2":9,"3":9,"4":9,"5":5,"6":5,"7":5,"8":0,"9":9,"10":5,"11":5,"12":5,"13":0,"14":9,"15":0,"16":0,"17":9,"18":5,"19":5,"20":9,"21":0,"22":0,"23":0,"24":0,"25":9,"26":0,"27":0,"28":0,"29":0,"30":9,"31":0,"32":0,"33":0,"34":0,"35":0,"36":0,"37":0},"f":{"0":9,"1":5,"2":5,"3":0,"4":5,"5":0,"6":0,"7":0},"b":{"0":[0,0],"1":[4,5]},"meta":{"lastBranch":2,"lastFunction":8,"lastStatement":38,"seen":{"s:11:13:159:Infinity":0,"f:11:13:11:14":0,"s:12:33:12:Infinity":1,"s:13:31:13:Infinity":2,"s:14:27:14:Infinity":3,"s:16:22:23:Infinity":4,"f:16:22:16:Infinity":1,"s:17:4:22:Infinity":5,"s:18:18:18:Infinity":6,"s:19:6:19:Infinity":7,"s:21:6:21:Infinity":8,"s:25:24:32:Infinity":9,"f:25:24:25:Infinity":2,"s:26:4:31:Infinity":10,"s:27:18:27:Infinity":11,"s:28:6:28:Infinity":12,"s:30:6:30:Infinity":13,"s:34:24:37:Infinity":14,"f:34:24:34:Infinity":3,"s:35:4:35:Infinity":15,"s:36:4:36:Infinity":16,"s:39:2:42:Infinity":17,"f:39:12:39:Infinity":4,"s:40:4:40:Infinity":18,"s:41:4:41:Infinity":19,"s:44:28:51:Infinity":20,"f:44:28:44:35":5,"s:45:4:50:Infinity":21,"s:46:6:46:Infinity":22,"s:47:6:47:Infinity":23,"s:49:6:49:Infinity":24,"s:53:33:60:Infinity":25,"f:53:33:53:40":6,"s:54:4:59:Infinity":26,"s:55:6:55:Infinity":27,"s:56:6:56:Infinity":28,"s:58:6:58:Infinity":29,"s:62:27:71:Infinity":30,"f:62:27:62:34":7,"b:63:4:63:Infinity:undefined:undefined:undefined:undefined":0,"s:63:4:63:Infinity":31,"s:63:71:63:Infinity":32,"s:64:4:70:Infinity":33,"s:65:6:65:Infinity":34,"s:66:6:66:Infinity":35,"s:68:6:68:Infinity":36,"s:69:6:69:Infinity":37,"b:130:57:130:66:130:66:130:74":1}}}
,"D:\\Namizje\\bookstore\\client\\src\\pages\\NotFound.tsx": {"path":"D:\\Namizje\\bookstore\\client\\src\\pages\\NotFound.tsx","statementMap":{"0":{"start":{"line":4,"column":17},"end":{"line":22,"column":null}},"1":{"start":{"line":5,"column":8},"end":{"line":5,"column":null}},"2":{"start":{"line":7,"column":2},"end":{"line":9,"column":null}},"3":{"start":{"line":8,"column":4},"end":{"line":8,"column":null}}},"fnMap":{"0":{"name":"(anonymous_0)","decl":{"start":{"line":4,"column":17},"end":{"line":4,"column":null}},"loc":{"start":{"line":4,"column":17},"end":{"line":22,"column":null}},"line":4},"1":{"name":"(anonymous_1)","decl":{"start":{"line":7,"column":12},"end":{"line":7,"column":null}},"loc":{"start":{"line":7,"column":12},"end":{"line":9,"column":5}},"line":7}},"branchMap":{},"s":{"0":1,"1":0,"2":0,"3":0},"f":{"0":0,"1":0},"b":{},"meta":{"lastBranch":0,"lastFunction":2,"lastStatement":4,"seen":{"s:4:17:22:Infinity":0,"f:4:17:4:Infinity":0,"s:5:8:5:Infinity":1,"s:7:2:9:Infinity":2,"f:7:12:7:Infinity":1,"s:8:4:8:Infinity":3}}}
}
